<?xml version="1.0" encoding="UTF-8" standalone="no"?>
<testsuite errors="0" failures="4" name="io.cucumber.core.plugin.JUnitFormatter" skipped="0" tests="24" time="527.433">
<testcase classname="test register" name="Register with valid data" time="90.885">
<system-out><![CDATA[Given initialize register feature...........................................passed
When user press register icon...............................................passed
And user selects "male" and enters "attya" as first name, "mebed" as last name, "attyamebed@gmail.com" as email, "AttyaCO" as company, "Attya@mebed" as password and "Attya@mebed" as confirm password.passed
And user set his birthday as follow "29" Day "7" Month "1994" Year..........passed
And user clicks on register button..........................................passed
Then successful registration message appears................................passed
]]></system-out>
</testcase>
<testcase classname="test register" name="user didn't enter any data" time="37.836">
<system-out><![CDATA[Given initialize register feature...........................................passed
When user press register icon...............................................passed
And user clicks on register button..........................................passed
Then error messages appear..................................................passed
]]></system-out>
</testcase>
<testcase classname="test register" name="user didn't enter the same password" time="31.671">
<failure message="" type="java.lang.AssertionError"><![CDATA[Given initialize register feature...........................................passed
When user press register icon...............................................passed
And user selects "male" and enters "attya" as first name, "mebed" as last name, "attyamebed@gmail.com" as email, "AttyaCO" as company, "Attya@mebed" as password and "Atty@mebed" as confirm password.passed
And user set his birthday as follow "29" Day "7" Month "1994" Year..........passed
And user clicks on register button..........................................passed
Then user get non identical passwords.......................................failed

StackTrace:
java.lang.AssertionError
	at org.junit.Assert.fail(Assert.java:87)
	at org.junit.Assert.assertTrue(Assert.java:42)
	at org.junit.Assert.assertTrue(Assert.java:53)
	at StepDefination.D01_registerStepDef.checkNonIdenticalMessage(D01_registerStepDef.java:79)
	at ✽.user get non identical passwords(file:///E:/Work/Testing/ITIDA/Testing%20Front%20end/Automation-Testing-of-Ecommerce-Web-Application-master/E-commerce-App-Automation-Testing-main/src/main/resources/Feature/F01_Register.feature:26)
]]></failure>
</testcase>
<testcase classname="test register" name="email already exist" time="28.955">
<system-out><![CDATA[Given initialize register feature...........................................passed
When user press register icon...............................................passed
And user selects "male" and enters "attya" as first name, "mebed" as last name, "attyamebed@gmail.com" as email, "AttyaCO" as company, "Attya@mebed" as password and "Attya@mebed" as confirm password.passed
And user set his birthday as follow "29" Day "7" Month "1994" Year..........passed
And user clicks on register button..........................................passed
Then email exist message appears............................................passed
]]></system-out>
</testcase>
<testcase classname="Test Login Functionality" name="user could login with valid email and password" time="23.451">
<system-out><![CDATA[Given user navigate to login page...........................................passed
When enter email "attyamebed@gmail.com" and password "Attya@mebed"..........passed
And user press login........................................................passed
Then user go to home page...................................................passed
]]></system-out>
</testcase>
<testcase classname="Test Login Functionality" name="user could login with invalid email and password" time="17.288">
<system-out><![CDATA[Given user navigate to login page...........................................passed
When enter email "attya@gmail.com" and password "attya123"..................passed
And user press login........................................................passed
Then check on error message.................................................passed
]]></system-out>
</testcase>
<testcase classname="Test Login Functionality" name="Enter invalid email form" time="15.049">
<system-out><![CDATA[Given user navigate to login page...........................................passed
When enter email "Att" and password "Meb"...................................passed
Then check on email error message...........................................passed
]]></system-out>
</testcase>
<testcase classname="Test Login Functionality" name="user forget Password" time="17.634">
<system-out><![CDATA[Given user navigate to login page...........................................passed
When user press forget password.............................................passed
And user enter email "attyamebed@gmail.com".................................passed
And user press recover button...............................................passed
Then user gets instructions message has been sent...........................passed
]]></system-out>
</testcase>
<testcase classname="test currency" name="user change currency to euro" time="17.866">
<system-out><![CDATA[Given initialize Currencies feature.........................................passed
When user press on currencies...............................................passed
And user chooses "euro".....................................................passed
Then the product currency changes to "euro".................................passed
]]></system-out>
</testcase>
<testcase classname="test search" name=": search products with name" time="16.882">
<system-out><![CDATA[Given initialize Search feature.............................................passed
When user types "camera"....................................................passed
And clicks on search........................................................passed
Then user should find the "camera"..........................................passed
]]></system-out>
</testcase>
<testcase classname="test search" name=": search products with name 2" time="12.926">
<system-out><![CDATA[Given initialize Search feature.............................................passed
When user types "laptop"....................................................passed
And clicks on search........................................................passed
Then user should find the "laptop"..........................................passed
]]></system-out>
</testcase>
<testcase classname="test search" name=": search products with name 3" time="14.997">
<system-out><![CDATA[Given initialize Search feature.............................................passed
When user types "t-shirt"...................................................passed
And clicks on search........................................................passed
Then user should find the "t-shirt".........................................passed
]]></system-out>
</testcase>
<testcase classname="test search" name=": search products with sku" time="15.42">
<system-out><![CDATA[Given initialize Search feature.............................................passed
When user types "LT_MIR_DC" as product sku..................................passed
And clicks on search........................................................passed
Then user should find the "LT_MIR_DC" as product sku........................passed
]]></system-out>
</testcase>
<testcase classname="test search" name=": search products with sku 2" time="15.934">
<system-out><![CDATA[Given initialize Search feature.............................................passed
When user types "LE_TX1_CL" as product sku..................................passed
And clicks on search........................................................passed
Then user should find the "LE_TX1_CL" as product sku........................passed
]]></system-out>
</testcase>
<testcase classname="test search" name=": search products with sku 3" time="19.877">
<system-out><![CDATA[Given initialize Search feature.............................................passed
When user types "CS_TSHIRT" as product sku..................................passed
And clicks on search........................................................passed
Then user should find the "CS_TSHIRT" as product sku........................passed
]]></system-out>
</testcase>
<testcase classname="test hover to categories" name="test random hover" time="17.799">
<system-out><![CDATA[Given initialize hover to categories feature................................passed
When user select random category he should go its page......................passed
]]></system-out>
</testcase>
<testcase classname="test slider" name="test nokia pic" time="11.733">
<failure message="expected [https://demo.nopcommerce.com/nokia-lumia-1020] but found [https://demo.nopcommerce.com/]" type="java.lang.AssertionError"><![CDATA[Given initialize slider feature.............................................passed
When user select Nokia picture..............................................passed
Then user should navigate to Nokia page.....................................failed

StackTrace:
java.lang.AssertionError: expected [https://demo.nopcommerce.com/nokia-lumia-1020] but found [https://demo.nopcommerce.com/]
	at org.testng.Assert.fail(Assert.java:110)
	at org.testng.Assert.failNotEquals(Assert.java:1413)
	at org.testng.Assert.assertEqualsImpl(Assert.java:149)
	at org.testng.Assert.assertEquals(Assert.java:131)
	at org.testng.Assert.assertEquals(Assert.java:655)
	at org.testng.Assert.assertEquals(Assert.java:665)
	at StepDefination.D06_homeSlidersStepDef.checkOnUserSelectsNokiaUrl(D06_homeSlidersStepDef.java:31)
	at ✽.user should navigate to Nokia page(file:///E:/Work/Testing/ITIDA/Testing%20Front%20end/Automation-Testing-of-Ecommerce-Web-Application-master/E-commerce-App-Automation-Testing-main/src/main/resources/Feature/F06_homeSliders.feature:7)
]]></failure>
</testcase>
<testcase classname="test slider" name="test iphone pic" time="10.111">
<failure message="expected [https://demo.nopcommerce.com/iphone-6] but found [https://demo.nopcommerce.com/]" type="java.lang.AssertionError"><![CDATA[Given initialize slider feature.............................................passed
When user select iphone picture.............................................passed
Then user should navigate to iphone page....................................failed

StackTrace:
java.lang.AssertionError: expected [https://demo.nopcommerce.com/iphone-6] but found [https://demo.nopcommerce.com/]
	at org.testng.Assert.fail(Assert.java:110)
	at org.testng.Assert.failNotEquals(Assert.java:1413)
	at org.testng.Assert.assertEqualsImpl(Assert.java:149)
	at org.testng.Assert.assertEquals(Assert.java:131)
	at org.testng.Assert.assertEquals(Assert.java:655)
	at org.testng.Assert.assertEquals(Assert.java:665)
	at StepDefination.D06_homeSlidersStepDef.checkOnUserSelectsIphoneUrl(D06_homeSlidersStepDef.java:41)
	at ✽.user should navigate to iphone page(file:///E:/Work/Testing/ITIDA/Testing%20Front%20end/Automation-Testing-of-Ecommerce-Web-Application-master/E-commerce-App-Automation-Testing-main/src/main/resources/Feature/F06_homeSliders.feature:11)
]]></failure>
</testcase>
<testcase classname="test follow us" name="user clicks follow us icons" time="12.263">
<system-out><![CDATA[Given initialize follow us feature..........................................passed
When user clicks "facebook".................................................passed
Then user should go to selected "https://www.facebook.com/nopCommerce"......passed
]]></system-out>
</testcase>
<testcase classname="test follow us" name="user clicks follow us icons 2" time="14.623">
<system-out><![CDATA[Given initialize follow us feature..........................................passed
When user clicks "twitter"..................................................passed
Then user should go to selected "https://twitter.com/nopCommerce"...........passed
]]></system-out>
</testcase>
<testcase classname="test follow us" name="user clicks follow us icons 3" time="13.645">
<failure message="expected [https://demo.nopcommerce.com/new-online-store-is-open] but found [https://demo.nopcommerce.com/]" type="java.lang.AssertionError"><![CDATA[Given initialize follow us feature..........................................passed
When user clicks "rss"......................................................passed
Then user should go to selected "https://demo.nopcommerce.com/new-online-store-is-open".failed

StackTrace:
java.lang.AssertionError: expected [https://demo.nopcommerce.com/new-online-store-is-open] but found [https://demo.nopcommerce.com/]
	at org.testng.Assert.fail(Assert.java:110)
	at org.testng.Assert.failNotEquals(Assert.java:1413)
	at org.testng.Assert.assertEqualsImpl(Assert.java:149)
	at org.testng.Assert.assertEquals(Assert.java:131)
	at org.testng.Assert.assertEquals(Assert.java:655)
	at org.testng.Assert.assertEquals(Assert.java:665)
	at StepDefination.D07_followUsStepDef.checkSocialUrl(D07_followUsStepDef.java:36)
	at ✽.user should go to selected "https://demo.nopcommerce.com/new-online-store-is-open"(file:///E:/Work/Testing/ITIDA/Testing%20Front%20end/Automation-Testing-of-Ecommerce-Web-Application-master/E-commerce-App-Automation-Testing-main/src/main/resources/Feature/F07_followUs.feature:7)
]]></failure>
</testcase>
<testcase classname="test follow us" name="user clicks follow us icons 4" time="34.769">
<system-out><![CDATA[Given initialize follow us feature..........................................passed
When user clicks "youtube"..................................................passed
Then user should go to selected "https://www.youtube.com/user/nopCommerce"..passed
]]></system-out>
</testcase>
<testcase classname="test wish list" name="test add HTC to wish list" time="14.975">
<system-out><![CDATA[Given initialize wish list feature..........................................passed
When user select to add HTC phone to wish list..............................passed
Then user should get a success message......................................passed
]]></system-out>
</testcase>
<testcase classname="test wish list" name="check on wish list cart" time="16.918">
<system-out><![CDATA[Given initialize wish list feature..........................................passed
When user select to add HTC phone to wish list..............................passed
And click on wish list......................................................passed
Then user should find the product...........................................passed
]]></system-out>
</testcase>
</testsuite>
